<?xml version="1.0" encoding="UTF-8"?>
<!-- Generated by org.testng.reporters.JUnitReportReporter -->
<testsuite hostname="LAPTOP-E00FH6K0" failures="0" tests="1" name="release_sales_order.ReleaseSalesOrderBoxPartisi" time="70.333" errors="0" timestamp="2023-01-22T19:12:11 ICT" skipped="0">
  <testcase classname="release_sales_order.ReleaseSalesOrderBoxPartisi" name="firstTest" time="70.333"/>
  <system-out/>
</testsuite> <!-- release_sales_order.ReleaseSalesOrderBoxPartisi -->
