<?xml version="1.0" encoding="UTF-8"?>
<!-- Generated by org.testng.reporters.JUnitReportReporter -->
<testsuite hostname="LAPTOP-E00FH6K0" failures="0" tests="1" name="perpindahan_wip.PerpindahanWIPBoxPartisi" time="35.594" errors="0" timestamp="2023-01-25T16:49:06 ICT" skipped="0">
  <testcase classname="perpindahan_wip.PerpindahanWIPBoxPartisi" name="firstTest" time="35.594"/>
  <system-out/>
</testsuite> <!-- perpindahan_wip.PerpindahanWIPBoxPartisi -->
