<?xml version="1.0" encoding="UTF-8"?>
<!-- Generated by org.testng.reporters.JUnitReportReporter -->
<testsuite hostname="LAPTOP-E00FH6K0" failures="0" tests="15" name="surat_jalan_delivery_order.CreateSuratJalanReturSusulan_BoxPartisi" time="1.036" errors="1" timestamp="2023-01-25T16:49:06 ICT" skipped="14">
  <testcase classname="surat_jalan_delivery_order.CreateSuratJalanReturSusulan_BoxPartisi" name="setUpTest" time="1.036">
    <error message="For input string: &quot;&quot;" type="java.lang.NumberFormatException">
      <![CDATA[java.lang.NumberFormatException: For input string: ""
at java.base/java.lang.NumberFormatException.forInputString(NumberFormatException.java:65)
at java.base/java.lang.Integer.parseInt(Integer.java:662)
at java.base/java.lang.Integer.parseInt(Integer.java:770)
at surat_jalan_delivery_order.CreateSuratJalanReturSusulan_BoxPartisi.setUpTest(CreateSuratJalanReturSusulan_BoxPartisi.java:98)
at java.base/jdk.internal.reflect.NativeMethodAccessorImpl.invoke0(Native Method)
at java.base/jdk.internal.reflect.NativeMethodAccessorImpl.invoke(NativeMethodAccessorImpl.java:62)
at java.base/jdk.internal.reflect.DelegatingMethodAccessorImpl.invoke(DelegatingMethodAccessorImpl.java:43)
at java.base/java.lang.reflect.Method.invoke(Method.java:566)
at org.testng.internal.MethodInvocationHelper.invokeMethod(MethodInvocationHelper.java:133)
at org.testng.internal.MethodInvocationHelper.invokeMethodConsideringTimeout(MethodInvocationHelper.java:62)
at org.testng.internal.ConfigInvoker.invokeConfigurationMethod(ConfigInvoker.java:385)
at org.testng.internal.ConfigInvoker.invokeConfigurations(ConfigInvoker.java:321)
at org.testng.TestRunner.invokeTestConfigurations(TestRunner.java:637)
at org.testng.TestRunner.beforeRun(TestRunner.java:627)
at org.testng.TestRunner.run(TestRunner.java:589)
at org.testng.SuiteRunner.runTest(SuiteRunner.java:377)
at org.testng.SuiteRunner.runSequentially(SuiteRunner.java:371)
at org.testng.SuiteRunner.privateRun(SuiteRunner.java:332)
at org.testng.SuiteRunner.run(SuiteRunner.java:276)
at org.testng.SuiteRunnerWorker.runSuite(SuiteRunnerWorker.java:53)
at org.testng.SuiteRunnerWorker.run(SuiteRunnerWorker.java:96)
at org.testng.TestNG.runSuitesSequentially(TestNG.java:1212)
at org.testng.TestNG.runSuitesLocally(TestNG.java:1134)
at org.testng.TestNG.runSuites(TestNG.java:1063)
at org.testng.TestNG.run(TestNG.java:1031)
at org.testng.remote.AbstractRemoteTestNG.run(AbstractRemoteTestNG.java:115)
at org.testng.remote.RemoteTestNG.initAndRun(RemoteTestNG.java:251)
at org.testng.remote.RemoteTestNG.main(RemoteTestNG.java:77)
]]>
    </error>
  </testcase> <!-- setUpTest -->
  <system-out/>
  <testcase classname="surat_jalan_delivery_order.CreateSuratJalanReturSusulan_BoxPartisi" name="createSJRandVerifySubtotal" time="0.000">
    <skipped/>
  </testcase> <!-- createSJRandVerifySubtotal -->
  <system-out/>
  <testcase classname="surat_jalan_delivery_order.CreateSuratJalanReturSusulan_BoxPartisi" name="verifySubtotal" time="0.000">
    <skipped/>
  </testcase> <!-- verifySubtotal -->
  <system-out/>
  <testcase classname="surat_jalan_delivery_order.CreateSuratJalanReturSusulan_BoxPartisi" name="saveSJN" time="0.000">
    <skipped/>
  </testcase> <!-- saveSJN -->
  <system-out/>
  <testcase classname="surat_jalan_delivery_order.CreateSuratJalanReturSusulan_BoxPartisi" name="approvalSJR" time="0.000">
    <skipped/>
  </testcase> <!-- approvalSJR -->
  <system-out/>
  <testcase classname="surat_jalan_delivery_order.CreateSuratJalanReturSusulan_BoxPartisi" name="verifyWorkOrderStatus_Box" time="0.000">
    <skipped/>
  </testcase> <!-- verifyWorkOrderStatus_Box -->
  <system-out/>
  <testcase classname="surat_jalan_delivery_order.CreateSuratJalanReturSusulan_BoxPartisi" name="verifyWorkOrderStatus_Partisi" time="0.000">
    <skipped/>
  </testcase> <!-- verifyWorkOrderStatus_Partisi -->
  <system-out/>
  <testcase classname="surat_jalan_delivery_order.CreateSuratJalanReturSusulan_BoxPartisi" name="verifySOLStatus_box" time="0.000">
    <skipped/>
  </testcase> <!-- verifySOLStatus_box -->
  <system-out/>
  <testcase classname="surat_jalan_delivery_order.CreateSuratJalanReturSusulan_BoxPartisi" name="verifySOLOutstanding_box" time="0.000">
    <skipped/>
  </testcase> <!-- verifySOLOutstanding_box -->
  <system-out/>
  <testcase classname="surat_jalan_delivery_order.CreateSuratJalanReturSusulan_BoxPartisi" name="verifySOLStatus_partisi" time="0.000">
    <skipped/>
  </testcase> <!-- verifySOLStatus_partisi -->
  <system-out/>
  <testcase classname="surat_jalan_delivery_order.CreateSuratJalanReturSusulan_BoxPartisi" name="verifySOLOutstanding_partisi" time="0.000">
    <skipped/>
  </testcase> <!-- verifySOLOutstanding_partisi -->
  <system-out/>
  <testcase classname="surat_jalan_delivery_order.CreateSuratJalanReturSusulan_BoxPartisi" name="verifyNotaReturPenjualan" time="0.000">
    <skipped/>
  </testcase> <!-- verifyNotaReturPenjualan -->
  <system-out/>
  <testcase classname="surat_jalan_delivery_order.CreateSuratJalanReturSusulan_BoxPartisi" name="verifyStockBalance_box" time="0.000">
    <skipped/>
  </testcase> <!-- verifyStockBalance_box -->
  <system-out/>
  <testcase classname="surat_jalan_delivery_order.CreateSuratJalanReturSusulan_BoxPartisi" name="verifyStockBalance_partisi1" time="0.000">
    <skipped/>
  </testcase> <!-- verifyStockBalance_partisi1 -->
  <system-out/>
  <testcase classname="surat_jalan_delivery_order.CreateSuratJalanReturSusulan_BoxPartisi" name="verifyStockBalance_partisi2" time="0.000">
    <skipped/>
  </testcase> <!-- verifyStockBalance_partisi2 -->
  <system-out/>
</testsuite> <!-- surat_jalan_delivery_order.CreateSuratJalanReturSusulan_BoxPartisi -->
