<?xml version="1.0" encoding="UTF-8"?>
<!-- Generated by org.testng.reporters.JUnitReportReporter -->
<testsuite hostname="LAPTOP-E00FH6K0" failures="0" tests="1" name="Test.FirstTest_2" time="1.990" errors="0" timestamp="2022-09-21T10:06:09 ICT" skipped="0">
  <testcase classname="Test.FirstTest_2" name="firstTest" time="1.990"/>
  <system-out/>
</testsuite> <!-- Test.FirstTest_2 -->
