<?xml version="1.0" encoding="UTF-8"?>
<!-- Generated by org.testng.reporters.JUnitReportReporter -->
<testsuite hostname="LAPTOP-E00FH6K0" failures="0" tests="1" name="sales_order.VerifyValueOfPPH23inAddSalesOrderModule" time="17.972" errors="0" timestamp="2022-12-08T15:50:56 ICT" skipped="0">
  <testcase classname="sales_order.VerifyValueOfPPH23inAddSalesOrderModule" name="firstTest" time="17.972"/>
  <system-out/>
</testsuite> <!-- sales_order.VerifyValueOfPPH23inAddSalesOrderModule -->
