<?xml version="1.0" encoding="UTF-8"?>
<!-- Generated by org.testng.reporters.JUnitReportReporter -->
<testsuite hostname="LAPTOP-E00FH6K0" failures="0" tests="3" name="Test.TestNG" time="2.063" errors="0" timestamp="2022-09-21T10:06:09 ICT" skipped="0">
  <testcase classname="Test.TestNG" name="secondTest" time="0.002"/>
  <system-out/>
  <testcase classname="Test.TestNG" name="thirdTest" time="0.104"/>
  <system-out/>
  <testcase classname="Test.TestNG" name="firstTest" time="1.957"/>
  <system-out/>
</testsuite> <!-- Test.TestNG -->
