<?xml version="1.0" encoding="UTF-8"?>
<!-- Generated by org.testng.reporters.JUnitReportReporter -->
<testsuite hostname="LAPTOP-E00FH6K0" failures="2" tests="21" name="work_order_spk.VerifyCalculatedValuesinWorkOrder_boxpartisi1partisi2" time="66.722" errors="0" timestamp="2023-01-25T16:49:06 ICT" skipped="0">
  <testcase classname="work_order_spk.VerifyCalculatedValuesinWorkOrder_boxpartisi1partisi2" name="firstTes" time="66.601"/>
  <system-out/>
  <testcase classname="work_order_spk.VerifyCalculatedValuesinWorkOrder_boxpartisi1partisi2" name="calculate_outKertas_box" time="0.004"/>
  <system-out/>
  <testcase classname="work_order_spk.VerifyCalculatedValuesinWorkOrder_boxpartisi1partisi2" name="calculate_corr_box" time="0.007"/>
  <system-out/>
  <testcase classname="work_order_spk.VerifyCalculatedValuesinWorkOrder_boxpartisi1partisi2" name="calculate_beratBox_box" time="0.013">
    <failure message="expected [133.08] but found [133.09]" type="java.lang.AssertionError">
      <![CDATA[java.lang.AssertionError: expected [133.08] but found [133.09]
at org.testng.Assert.fail(Assert.java:99)
at org.testng.Assert.failNotEquals(Assert.java:1037)
at org.testng.Assert.assertEqualsImpl(Assert.java:140)
at org.testng.Assert.assertEquals(Assert.java:122)
at org.testng.Assert.assertEquals(Assert.java:617)
at work_order_spk.VerifyCalculatedValuesinWorkOrder_boxpartisi1partisi2.calculate_beratBox_box(VerifyCalculatedValuesinWorkOrder_boxpartisi1partisi2.java:209)
at java.base/jdk.internal.reflect.NativeMethodAccessorImpl.invoke0(Native Method)
at java.base/jdk.internal.reflect.NativeMethodAccessorImpl.invoke(NativeMethodAccessorImpl.java:62)
at java.base/jdk.internal.reflect.DelegatingMethodAccessorImpl.invoke(DelegatingMethodAccessorImpl.java:43)
at java.base/java.lang.reflect.Method.invoke(Method.java:566)
at org.testng.internal.MethodInvocationHelper.invokeMethod(MethodInvocationHelper.java:133)
at org.testng.internal.TestInvoker.invokeMethod(TestInvoker.java:598)
at org.testng.internal.TestInvoker.invokeTestMethod(TestInvoker.java:173)
at org.testng.internal.MethodRunner.runInSequence(MethodRunner.java:46)
at org.testng.internal.TestInvoker$MethodInvocationAgent.invoke(TestInvoker.java:824)
at org.testng.internal.TestInvoker.invokeTestMethods(TestInvoker.java:146)
at org.testng.internal.TestMethodWorker.invokeTestMethods(TestMethodWorker.java:146)
at org.testng.internal.TestMethodWorker.run(TestMethodWorker.java:128)
at java.base/java.util.ArrayList.forEach(ArrayList.java:1541)
at org.testng.TestRunner.privateRun(TestRunner.java:794)
at org.testng.TestRunner.run(TestRunner.java:596)
at org.testng.SuiteRunner.runTest(SuiteRunner.java:377)
at org.testng.SuiteRunner.runSequentially(SuiteRunner.java:371)
at org.testng.SuiteRunner.privateRun(SuiteRunner.java:332)
at org.testng.SuiteRunner.run(SuiteRunner.java:276)
at org.testng.SuiteRunnerWorker.runSuite(SuiteRunnerWorker.java:53)
at org.testng.SuiteRunnerWorker.run(SuiteRunnerWorker.java:96)
at org.testng.TestNG.runSuitesSequentially(TestNG.java:1212)
at org.testng.TestNG.runSuitesLocally(TestNG.java:1134)
at org.testng.TestNG.runSuites(TestNG.java:1063)
at org.testng.TestNG.run(TestNG.java:1031)
at org.testng.remote.AbstractRemoteTestNG.run(AbstractRemoteTestNG.java:115)
at org.testng.remote.RemoteTestNG.initAndRun(RemoteTestNG.java:251)
at org.testng.remote.RemoteTestNG.main(RemoteTestNG.java:77)
]]>
    </failure>
  </testcase> <!-- calculate_beratBox_box -->
  <system-out/>
  <testcase classname="work_order_spk.VerifyCalculatedValuesinWorkOrder_boxpartisi1partisi2" name="calculate_beratOrder_box" time="0.004"/>
  <system-out/>
  <testcase classname="work_order_spk.VerifyCalculatedValuesinWorkOrder_boxpartisi1partisi2" name="calculate_beratTrim_box" time="0.002">
    <failure message="expected [0.48433003] but found [0.48433]" type="java.lang.AssertionError">
      <![CDATA[java.lang.AssertionError: expected [0.48433003] but found [0.48433]
at org.testng.Assert.fail(Assert.java:99)
at org.testng.Assert.failNotEquals(Assert.java:1037)
at org.testng.Assert.assertEqualsImpl(Assert.java:140)
at org.testng.Assert.assertEquals(Assert.java:122)
at org.testng.Assert.assertEquals(Assert.java:617)
at work_order_spk.VerifyCalculatedValuesinWorkOrder_boxpartisi1partisi2.calculate_beratTrim_box(VerifyCalculatedValuesinWorkOrder_boxpartisi1partisi2.java:237)
at java.base/jdk.internal.reflect.NativeMethodAccessorImpl.invoke0(Native Method)
at java.base/jdk.internal.reflect.NativeMethodAccessorImpl.invoke(NativeMethodAccessorImpl.java:62)
at java.base/jdk.internal.reflect.DelegatingMethodAccessorImpl.invoke(DelegatingMethodAccessorImpl.java:43)
at java.base/java.lang.reflect.Method.invoke(Method.java:566)
at org.testng.internal.MethodInvocationHelper.invokeMethod(MethodInvocationHelper.java:133)
at org.testng.internal.TestInvoker.invokeMethod(TestInvoker.java:598)
at org.testng.internal.TestInvoker.invokeTestMethod(TestInvoker.java:173)
at org.testng.internal.MethodRunner.runInSequence(MethodRunner.java:46)
at org.testng.internal.TestInvoker$MethodInvocationAgent.invoke(TestInvoker.java:824)
at org.testng.internal.TestInvoker.invokeTestMethods(TestInvoker.java:146)
at org.testng.internal.TestMethodWorker.invokeTestMethods(TestMethodWorker.java:146)
at org.testng.internal.TestMethodWorker.run(TestMethodWorker.java:128)
at java.base/java.util.ArrayList.forEach(ArrayList.java:1541)
at org.testng.TestRunner.privateRun(TestRunner.java:794)
at org.testng.TestRunner.run(TestRunner.java:596)
at org.testng.SuiteRunner.runTest(SuiteRunner.java:377)
at org.testng.SuiteRunner.runSequentially(SuiteRunner.java:371)
at org.testng.SuiteRunner.privateRun(SuiteRunner.java:332)
at org.testng.SuiteRunner.run(SuiteRunner.java:276)
at org.testng.SuiteRunnerWorker.runSuite(SuiteRunnerWorker.java:53)
at org.testng.SuiteRunnerWorker.run(SuiteRunnerWorker.java:96)
at org.testng.TestNG.runSuitesSequentially(TestNG.java:1212)
at org.testng.TestNG.runSuitesLocally(TestNG.java:1134)
at org.testng.TestNG.runSuites(TestNG.java:1063)
at org.testng.TestNG.run(TestNG.java:1031)
at org.testng.remote.AbstractRemoteTestNG.run(AbstractRemoteTestNG.java:115)
at org.testng.remote.RemoteTestNG.initAndRun(RemoteTestNG.java:251)
at org.testng.remote.RemoteTestNG.main(RemoteTestNG.java:77)
]]>
    </failure>
  </testcase> <!-- calculate_beratTrim_box -->
  <system-out/>
  <testcase classname="work_order_spk.VerifyCalculatedValuesinWorkOrder_boxpartisi1partisi2" name="calculate_beratSubstanceBox1" time="0.007"/>
  <system-out/>
  <testcase classname="work_order_spk.VerifyCalculatedValuesinWorkOrder_boxpartisi1partisi2" name="calculate_beratSubstanceBox2" time="0.009"/>
  <system-out/>
  <testcase classname="work_order_spk.VerifyCalculatedValuesinWorkOrder_boxpartisi1partisi2" name="calculate_beratSubstanceBox3" time="0.014"/>
  <system-out/>
  <testcase classname="work_order_spk.VerifyCalculatedValuesinWorkOrder_boxpartisi1partisi2" name="calculate_beratSubstanceBox4" time="0.004"/>
  <system-out/>
  <testcase classname="work_order_spk.VerifyCalculatedValuesinWorkOrder_boxpartisi1partisi2" name="calculate_beratSubstanceBox5" time="0.005"/>
  <system-out/>
  <testcase classname="work_order_spk.VerifyCalculatedValuesinWorkOrder_boxpartisi1partisi2" name="calculate_outKertas_partisi" time="0.009"/>
  <system-out/>
  <testcase classname="work_order_spk.VerifyCalculatedValuesinWorkOrder_boxpartisi1partisi2" name="calculate_corr_partisi" time="0.004"/>
  <system-out/>
  <testcase classname="work_order_spk.VerifyCalculatedValuesinWorkOrder_boxpartisi1partisi2" name="calculate_beratBox_partisi" time="0.005"/>
  <system-out/>
  <testcase classname="work_order_spk.VerifyCalculatedValuesinWorkOrder_boxpartisi1partisi2" name="calculate_beratOrder_partisi" time="0.007"/>
  <system-out/>
  <testcase classname="work_order_spk.VerifyCalculatedValuesinWorkOrder_boxpartisi1partisi2" name="calculate_beratTrim_partisi" time="0.004"/>
  <system-out/>
  <testcase classname="work_order_spk.VerifyCalculatedValuesinWorkOrder_boxpartisi1partisi2" name="calculate_beratSubstancePartisi1" time="0.005"/>
  <system-out/>
  <testcase classname="work_order_spk.VerifyCalculatedValuesinWorkOrder_boxpartisi1partisi2" name="calculate_beratSubstancePartisi2" time="0.005"/>
  <system-out/>
  <testcase classname="work_order_spk.VerifyCalculatedValuesinWorkOrder_boxpartisi1partisi2" name="calculate_beratSubstancePartisi3" time="0.005"/>
  <system-out/>
  <testcase classname="work_order_spk.VerifyCalculatedValuesinWorkOrder_boxpartisi1partisi2" name="calculate_beratSubstancePartisi4" time="0.005"/>
  <system-out/>
  <testcase classname="work_order_spk.VerifyCalculatedValuesinWorkOrder_boxpartisi1partisi2" name="calculate_beratSubstancePartisi5" time="0.003"/>
  <system-out/>
</testsuite> <!-- work_order_spk.VerifyCalculatedValuesinWorkOrder_boxpartisi1partisi2 -->
