<?xml version="1.0" encoding="UTF-8"?>
<!-- Generated by org.testng.reporters.JUnitReportReporter -->
<testsuite hostname="LAPTOP-E00FH6K0" failures="0" tests="6" name="stb_hasil_produksi.Warehouse_FG_9" time="71.233" errors="0" timestamp="2023-01-26T16:04:35 ICT" skipped="0">
  <testcase classname="stb_hasil_produksi.Warehouse_FG_9" name="inputSTBBox" time="20.879"/>
  <system-out/>
  <testcase classname="stb_hasil_produksi.Warehouse_FG_9" name="inputSTBPartisi1" time="19.777"/>
  <system-out/>
  <testcase classname="stb_hasil_produksi.Warehouse_FG_9" name="inputSTBPartisi2" time="17.833"/>
  <system-out/>
  <testcase classname="stb_hasil_produksi.Warehouse_FG_9" name="VerifyStockBalanceBox" time="12.685"/>
  <system-out/>
  <testcase classname="stb_hasil_produksi.Warehouse_FG_9" name="VerifyStockBalancePartisi1" time="0.030"/>
  <system-out/>
  <testcase classname="stb_hasil_produksi.Warehouse_FG_9" name="VerifyStockBalancePartisi2" time="0.029"/>
  <system-out/>
</testsuite> <!-- stb_hasil_produksi.Warehouse_FG_9 -->
