<?xml version="1.0" encoding="UTF-8"?>
<!-- Generated by org.testng.reporters.JUnitReportReporter -->
<testsuite hostname="LAPTOP-E00FH6K0" failures="0" tests="2" name="input_hasil_produksi.Production_80" time="30.654" errors="0" timestamp="2023-01-26T16:04:35 ICT" skipped="0">
  <testcase classname="input_hasil_produksi.Production_80" name="firstTest" time="18.556"/>
  <system-out/>
  <testcase classname="input_hasil_produksi.Production_80" name="secondTest" time="12.098"/>
  <system-out/>
</testsuite> <!-- input_hasil_produksi.Production_80 -->
