<?xml version="1.0" encoding="UTF-8"?>
<!-- Generated by org.testng.reporters.JUnitReportReporter -->
<testsuite hostname="LAPTOP-E00FH6K0" failures="0" tests="1" name="perpindahan_wip.Production_47" time="42.819" errors="0" timestamp="2023-01-26T16:04:35 ICT" skipped="0">
  <testcase classname="perpindahan_wip.Production_47" name="firstTest" time="42.819"/>
  <system-out/>
</testsuite> <!-- perpindahan_wip.Production_47 -->
