<?xml version="1.0" encoding="UTF-8"?>
<!-- Generated by org.testng.reporters.JUnitReportReporter -->
<testsuite hostname="LAPTOP-E00FH6K0" failures="0" tests="1" name="sales_order.CalculateTotalPriceForCustomerWithPph23" time="11.660" errors="0" timestamp="2022-12-07T15:45:13 ICT" skipped="0">
  <testcase classname="sales_order.CalculateTotalPriceForCustomerWithPph23" name="firstTest" time="11.660"/>
  <system-out/>
</testsuite> <!-- sales_order.CalculateTotalPriceForCustomerWithPph23 -->
