<?xml version="1.0" encoding="UTF-8"?>
<!-- Generated by org.testng.reporters.JUnitReportReporter -->
<testsuite hostname="LAPTOP-E00FH6K0" failures="0" tests="1" name="Test.Variableglobal" time="2.179" errors="0" timestamp="2022-10-10T15:52:45 ICT" skipped="0">
  <testcase classname="Test.Variableglobal" name="mainTest" time="2.179"/>
  <system-out/>
</testsuite> <!-- Test.Variableglobal -->
