<?xml version="1.0" encoding="UTF-8"?>
<!-- Generated by org.testng.reporters.JUnitReportReporter -->
<testsuite hostname="LAPTOP-E00FH6K0" failures="0" tests="4" name="surat_jalan_delivery_order.CreateSuratJalanReturSusulan_BoxPartisi" time="23.468" errors="0" timestamp="2022-10-20T11:16:10 ICT" skipped="0">
  <testcase classname="surat_jalan_delivery_order.CreateSuratJalanReturSusulan_BoxPartisi" name="verifyNotaReturPenjualan" time="13.905"/>
  <system-out/>
  <testcase classname="surat_jalan_delivery_order.CreateSuratJalanReturSusulan_BoxPartisi" name="verifyStockBalance_box" time="9.483"/>
  <system-out/>
  <testcase classname="surat_jalan_delivery_order.CreateSuratJalanReturSusulan_BoxPartisi" name="verifyStockBalance_partisi1" time="0.037"/>
  <system-out/>
  <testcase classname="surat_jalan_delivery_order.CreateSuratJalanReturSusulan_BoxPartisi" name="verifyStockBalance_partisi2" time="0.043"/>
  <system-out/>
</testsuite> <!-- surat_jalan_delivery_order.CreateSuratJalanReturSusulan_BoxPartisi -->
