<?xml version="1.0" encoding="UTF-8"?>
<!-- Generated by org.testng.reporters.JUnitReportReporter -->
<testsuite hostname="LAPTOP-E00FH6K0" failures="0" tests="2" name="input_hasil_produksi.InputHasilProduksiBoxPartisi" time="23.404" errors="0" timestamp="2023-01-22T19:12:11 ICT" skipped="0">
  <testcase classname="input_hasil_produksi.InputHasilProduksiBoxPartisi" name="firstTest" time="14.440"/>
  <system-out/>
  <testcase classname="input_hasil_produksi.InputHasilProduksiBoxPartisi" name="secondTest" time="8.964"/>
  <system-out/>
</testsuite> <!-- input_hasil_produksi.InputHasilProduksiBoxPartisi -->
