<?xml version="1.0" encoding="UTF-8"?>
<!-- Generated by org.testng.reporters.JUnitReportReporter -->
<testsuite hostname="LAPTOP-E00FH6K0" failures="0" tests="1" name="release_sales_order.ReleaseSalesOrderBoxPartisi" time="53.021" errors="0" timestamp="2023-01-25T16:49:06 ICT" skipped="0">
  <testcase classname="release_sales_order.ReleaseSalesOrderBoxPartisi" name="firstTest" time="53.021"/>
  <system-out/>
</testsuite> <!-- release_sales_order.ReleaseSalesOrderBoxPartisi -->
