<?xml version="1.0" encoding="UTF-8"?>
<!-- Generated by org.testng.reporters.JUnitReportReporter -->
<testsuite hostname="LAPTOP-E00FH6K0" failures="0" tests="3" name="sales_order.CreateSalesOrderwith11prcntPPN_BoxPartisi1Partisi2" time="0.340" errors="0" timestamp="2022-11-11T13:39:43 ICT" skipped="0">
  <testcase classname="sales_order.CreateSalesOrderwith11prcntPPN_BoxPartisi1Partisi2" name="firstTest" time="0.128"/>
  <system-out/>
  <testcase classname="sales_order.CreateSalesOrderwith11prcntPPN_BoxPartisi1Partisi2" name="secondTest" time="0.031"/>
  <system-out/>
  <testcase classname="sales_order.CreateSalesOrderwith11prcntPPN_BoxPartisi1Partisi2" name="thirdTest" time="0.181"/>
  <system-out/>
</testsuite> <!-- sales_order.CreateSalesOrderwith11prcntPPN_BoxPartisi1Partisi2 -->
