<?xml version="1.0" encoding="UTF-8"?>
<!-- Generated by org.testng.reporters.JUnitReportReporter -->
<testsuite hostname="LAPTOP-E00FH6K0" failures="0" tests="6" name="stb_hasil_produksi.STBHasilProduksiBoxPartisi" time="36.084" errors="0" timestamp="2022-10-18T09:21:01 ICT" skipped="0">
  <testcase classname="stb_hasil_produksi.STBHasilProduksiBoxPartisi" name="inputSTBBox" time="13.983"/>
  <system-out/>
  <testcase classname="stb_hasil_produksi.STBHasilProduksiBoxPartisi" name="inputSTBPartisi1" time="10.464"/>
  <system-out/>
  <testcase classname="stb_hasil_produksi.STBHasilProduksiBoxPartisi" name="inputSTBPartisi2" time="8.256"/>
  <system-out/>
  <testcase classname="stb_hasil_produksi.STBHasilProduksiBoxPartisi" name="VerifyStockBalanceBox" time="3.297"/>
  <system-out/>
  <testcase classname="stb_hasil_produksi.STBHasilProduksiBoxPartisi" name="VerifyStockBalancePartisi1" time="0.042"/>
  <system-out/>
  <testcase classname="stb_hasil_produksi.STBHasilProduksiBoxPartisi" name="VerifyStockBalancePartisi2" time="0.042"/>
  <system-out/>
</testsuite> <!-- stb_hasil_produksi.STBHasilProduksiBoxPartisi -->
