<?xml version="1.0" encoding="UTF-8"?>
<!-- Generated by org.testng.reporters.JUnitReportReporter -->
<testsuite hostname="LAPTOP-E00FH6K0" failures="0" tests="2" name="quality_check.QCBeratTimbangBoxPartisi" time="18.213" errors="0" timestamp="2023-01-22T19:12:11 ICT" skipped="0">
  <testcase classname="quality_check.QCBeratTimbangBoxPartisi" name="firstTest" time="12.283"/>
  <system-out/>
  <testcase classname="quality_check.QCBeratTimbangBoxPartisi" name="secondTest" time="5.930"/>
  <system-out/>
</testsuite> <!-- quality_check.QCBeratTimbangBoxPartisi -->
