<?xml version="1.0" encoding="UTF-8"?>
<!-- Generated by org.testng.reporters.JUnitReportReporter -->
<testsuite hostname="LAPTOP-E00FH6K0" failures="0" tests="3" name="sales_order.VerifyPPNCalculation" time="0.384" errors="0" timestamp="2022-12-08T11:36:38 ICT" skipped="0">
  <testcase classname="sales_order.VerifyPPNCalculation" name="firstTest" time="0.285"/>
  <system-out/>
  <testcase classname="sales_order.VerifyPPNCalculation" name="secondTest" time="0.064"/>
  <system-out/>
  <testcase classname="sales_order.VerifyPPNCalculation" name="thirdTest" time="0.035"/>
  <system-out/>
</testsuite> <!-- sales_order.VerifyPPNCalculation -->
