<?xml version="1.0" encoding="UTF-8"?>
<!-- Generated by org.testng.reporters.JUnitReportReporter -->
<testsuite hostname="LAPTOP-E00FH6K0" failures="0" tests="3" name="sales_order.Sales_PPN_107" time="107.756" errors="0" timestamp="2023-01-26T16:04:35 ICT" skipped="0">
  <testcase classname="sales_order.Sales_PPN_107" name="firstTest" time="0.589"/>
  <system-out/>
  <testcase classname="sales_order.Sales_PPN_107" name="secondTest" time="0.044"/>
  <system-out/>
  <testcase classname="sales_order.Sales_PPN_107" name="thirdTest" time="107.123"/>
  <system-out/>
</testsuite> <!-- sales_order.Sales_PPN_107 -->
