<?xml version="1.0" encoding="UTF-8"?>
<!-- Generated by org.testng.reporters.JUnitReportReporter -->
<testsuite hostname="LAPTOP-E00FH6K0" failures="0" tests="3" name="sales_order.CreateSalesOrderwith11prcntPPN_BoxPartisi1Partisi2" time="0.797" errors="0" timestamp="2023-01-22T19:12:11 ICT" skipped="0">
  <testcase classname="sales_order.CreateSalesOrderwith11prcntPPN_BoxPartisi1Partisi2" name="firstTest" time="0.349"/>
  <system-out/>
  <testcase classname="sales_order.CreateSalesOrderwith11prcntPPN_BoxPartisi1Partisi2" name="secondTest" time="0.068"/>
  <system-out/>
  <testcase classname="sales_order.CreateSalesOrderwith11prcntPPN_BoxPartisi1Partisi2" name="thirdTest" time="0.380"/>
  <system-out/>
</testsuite> <!-- sales_order.CreateSalesOrderwith11prcntPPN_BoxPartisi1Partisi2 -->
