<?xml version="1.0" encoding="UTF-8"?>
<!-- Generated by org.testng.reporters.JUnitReportReporter -->
<testsuite hostname="LAPTOP-E00FH6K0" failures="0" tests="2" name="quality_check.QualityCheck_3" time="21.342" errors="0" timestamp="2023-01-26T16:04:35 ICT" skipped="0">
  <testcase classname="quality_check.QualityCheck_3" name="firstTest" time="13.502"/>
  <system-out/>
  <testcase classname="quality_check.QualityCheck_3" name="secondTest" time="7.840"/>
  <system-out/>
</testsuite> <!-- quality_check.QualityCheck_3 -->
