<?xml version="1.0" encoding="UTF-8"?>
<!-- Generated by org.testng.reporters.JUnitReportReporter -->
<testsuite hostname="LAPTOP-E00FH6K0" failures="0" tests="1" name="sales_order.CalculateTotalKomisi" time="11.168" errors="0" timestamp="2022-12-08T11:13:36 ICT" skipped="0">
  <testcase classname="sales_order.CalculateTotalKomisi" name="firstTest" time="11.168"/>
  <system-out/>
</testsuite> <!-- sales_order.CalculateTotalKomisi -->
