<?xml version="1.0" encoding="UTF-8"?>
<!-- Generated by org.testng.reporters.JUnitReportReporter -->
<testsuite hostname="LAPTOP-E00FH6K0" failures="0" tests="3" name="sales_order.CreateSalesOrderwith11prctPPN_BoxLayer" time="0.356" errors="0" timestamp="2023-01-16T13:43:02 ICT" skipped="0">
  <testcase classname="sales_order.CreateSalesOrderwith11prctPPN_BoxLayer" name="firstTest" time="0.268"/>
  <system-out/>
  <testcase classname="sales_order.CreateSalesOrderwith11prctPPN_BoxLayer" name="secondTest" time="0.042"/>
  <system-out/>
  <testcase classname="sales_order.CreateSalesOrderwith11prctPPN_BoxLayer" name="thirdTest" time="0.046"/>
  <system-out/>
</testsuite> <!-- sales_order.CreateSalesOrderwith11prctPPN_BoxLayer -->
