<?xml version="1.0" encoding="UTF-8"?>
<!-- Generated by org.testng.reporters.JUnitReportReporter -->
<testsuite hostname="LAPTOP-E00FH6K0" failures="0" tests="1" name="release_sales_order.Sales_PPN_32" time="53.861" errors="0" timestamp="2023-01-26T16:04:35 ICT" skipped="0">
  <testcase classname="release_sales_order.Sales_PPN_32" name="firstTest" time="53.861"/>
  <system-out/>
</testsuite> <!-- release_sales_order.Sales_PPN_32 -->
