<?xml version="1.0" encoding="UTF-8"?>
<!-- Generated by org.testng.reporters.JUnitReportReporter -->
<testsuite hostname="LAPTOP-E00FH6K0" failures="0" tests="3" name="sales_order.CreateSalesOrderwith11prcntPPN_BoxPartisi1Partisi2" time="3.463" errors="0" timestamp="2023-01-25T16:49:06 ICT" skipped="0">
  <testcase classname="sales_order.CreateSalesOrderwith11prcntPPN_BoxPartisi1Partisi2" name="firstTest" time="0.284"/>
  <system-out/>
  <testcase classname="sales_order.CreateSalesOrderwith11prcntPPN_BoxPartisi1Partisi2" name="secondTest" time="0.045"/>
  <system-out/>
  <testcase classname="sales_order.CreateSalesOrderwith11prcntPPN_BoxPartisi1Partisi2" name="thirdTest" time="3.134"/>
  <system-out/>
</testsuite> <!-- sales_order.CreateSalesOrderwith11prcntPPN_BoxPartisi1Partisi2 -->
