<?xml version="1.0" encoding="UTF-8"?>
<!-- Generated by org.testng.reporters.JUnitReportReporter -->
<testsuite hostname="LAPTOP-E00FH6K0" failures="0" tests="2" name="input_hasil_produksi.InputHasilProduksiBoxPartisi" time="26.739" errors="0" timestamp="2023-01-25T16:49:06 ICT" skipped="0">
  <testcase classname="input_hasil_produksi.InputHasilProduksiBoxPartisi" name="firstTest" time="14.665"/>
  <system-out/>
  <testcase classname="input_hasil_produksi.InputHasilProduksiBoxPartisi" name="secondTest" time="12.074"/>
  <system-out/>
</testsuite> <!-- input_hasil_produksi.InputHasilProduksiBoxPartisi -->
