<?xml version="1.0" encoding="UTF-8"?>
<!-- Generated by org.testng.reporters.JUnitReportReporter -->
<testsuite hostname="LAPTOP-E00FH6K0" failures="0" tests="2" name="input_hasil_produksi.InputHasilProduksiBoxPartisi" time="30.594" errors="0" timestamp="2022-10-17T13:27:20 ICT" skipped="0">
  <testcase classname="input_hasil_produksi.InputHasilProduksiBoxPartisi" name="firstTest" time="17.431"/>
  <system-out/>
  <testcase classname="input_hasil_produksi.InputHasilProduksiBoxPartisi" name="secondTest" time="13.163"/>
  <system-out/>
</testsuite> <!-- input_hasil_produksi.InputHasilProduksiBoxPartisi -->
