<?xml version="1.0" encoding="UTF-8"?>
<!-- Generated by org.testng.reporters.JUnitReportReporter -->
<testsuite hostname="LAPTOP-E00FH6K0" failures="0" tests="1" name="sales_order.VerifyPPNCalculationifTickedandKawasanBerikat" time="21.509" errors="0" timestamp="2023-01-16T14:31:18 ICT" skipped="0">
  <testcase classname="sales_order.VerifyPPNCalculationifTickedandKawasanBerikat" name="firstTest" time="21.509"/>
  <system-out/>
</testsuite> <!-- sales_order.VerifyPPNCalculationifTickedandKawasanBerikat -->
