<?xml version="1.0" encoding="UTF-8"?>
<!-- Generated by org.testng.reporters.JUnitReportReporter -->
<testsuite hostname="LAPTOP-E00FH6K0" failures="0" tests="1" name="sales_order.VerifyValueOfSellingPrice" time="12.038" errors="0" timestamp="2022-12-07T15:48:37 ICT" skipped="0">
  <testcase classname="sales_order.VerifyValueOfSellingPrice" name="firstTest" time="12.038"/>
  <system-out/>
</testsuite> <!-- sales_order.VerifyValueOfSellingPrice -->
